<?xml version="1.0" encoding="UTF-8"?>
<!-- Generated by org.testng.reporters.JUnitReportReporter -->
<testsuite hostname="DESKTOP-B3CLEUD" failures="0" tests="1" name="com.dezlearn.test.TitleVerification" time="1.086" errors="0" timestamp="2025-03-09T13:09:06 IST" skipped="0">
  <testcase classname="com.dezlearn.test.TitleVerification" name="verifyTitle" time="1.086"/>
  <system-out/>
</testsuite> <!-- com.dezlearn.test.TitleVerification -->
