<?xml version="1.0" encoding="UTF-8"?>
<!-- Generated by org.testng.reporters.JUnitReportReporter -->
<testsuite hostname="DESKTOP-B3CLEUD" failures="0" tests="1" name="com.dezlearn.test.DemoTest" time="0.005" errors="0" timestamp="2025-01-31T23:03:54 IST" skipped="0">
  <testcase classname="com.dezlearn.test.DemoTest" name="NormalTest" time="0.005"/>
  <system-out/>
</testsuite> <!-- com.dezlearn.test.DemoTest -->
