<?xml version="1.0" encoding="UTF-8"?>
<!-- Generated by org.testng.reporters.JUnitReportReporter -->
<testsuite hostname="DESKTOP-B3CLEUD" failures="0" tests="2" name="com.dezlearn.test.EBay_Advance_Search" time="16.998" errors="0" timestamp="2025-01-31T22:41:17 IST" skipped="0">
  <testcase classname="com.dezlearn.test.EBay_Advance_Search" name="backToHomePage" time="10.738"/>
  <system-out/>
  <testcase classname="com.dezlearn.test.EBay_Advance_Search" name="advanceSearch" time="6.260"/>
  <system-out/>
</testsuite> <!-- com.dezlearn.test.EBay_Advance_Search -->
