<?xml version="1.0" encoding="UTF-8"?>
<!-- Generated by org.testng.reporters.JUnitReportReporter -->
<testsuite hostname="DESKTOP-B3CLEUD" failures="0" tests="1" name="com.dezlearn.test.EBay_Sanity" time="9.319" errors="0" timestamp="2025-01-31T22:41:17 IST" skipped="0">
  <testcase classname="com.dezlearn.test.EBay_Sanity" name="empty_search_test" time="9.319"/>
  <system-out/>
</testsuite> <!-- com.dezlearn.test.EBay_Sanity -->
